<?xml version="1.0" encoding="UTF-8"?>
<!-- Generated by org.testng.reporters.JUnitXMLReporter -->
<testsuite ignored="0" hostname="NBsPC" failures="0" tests="3" name="RegisterTest" time="0.8" errors="0" timestamp="2021-09-20T16:01:26 GMT-05:00">
  <testcase classname="mvn.pck.practice5.tests.LoginTest" name="@BeforeTest initializeWebDriver" time="0.654">
    <failure type="java.lang.IllegalStateException" message="The driver executable does not exist: B:\geckodriver-v0.29.1-win64\geckodriver.exe -DhomePageURL=https:\www.qaclickacademy.com">
      <![CDATA[java.lang.IllegalStateException: The driver executable does not exist: B:\geckodriver-v0.29.1-win64\geckodriver.exe -DhomePageURL=https:\www.qaclickacademy.com
at com.google.common.base.Preconditions.checkState(Preconditions.java:585)
at org.openqa.selenium.remote.service.DriverService.checkExecutable(DriverService.java:146)
at org.openqa.selenium.remote.service.DriverService.findExecutable(DriverService.java:141)
at org.openqa.selenium.firefox.GeckoDriverService.access$100(GeckoDriverService.java:44)
at org.openqa.selenium.firefox.GeckoDriverService$Builder.findDefaultExecutable(GeckoDriverService.java:167)
at org.openqa.selenium.remote.service.DriverService$Builder.build(DriverService.java:355)
at org.openqa.selenium.firefox.FirefoxDriver.toExecutor(FirefoxDriver.java:190)
at org.openqa.selenium.firefox.FirefoxDriver.<init>(FirefoxDriver.java:147)
at org.openqa.selenium.firefox.FirefoxDriver.<init>(FirefoxDriver.java:125)
at mvn.pck.practice5.resources.BaseRepoClass.initializeDriver(BaseRepoClass.java:37)
at mvn.pck.practice5.tests.LoginTest.initializeWebDriver(LoginTest.java:29)
at java.base/java.util.concurrent.FutureTask.run(FutureTask.java:264)
at java.base/java.util.concurrent.ThreadPoolExecutor.runWorker(ThreadPoolExecutor.java:1128)
at java.base/java.util.concurrent.ThreadPoolExecutor$Worker.run(ThreadPoolExecutor.java:628)
at java.base/java.lang.Thread.run(Thread.java:834)
... Removed 15 stack frames]]>
    </failure>
  </testcase> <!-- @BeforeTest initializeWebDriver -->
  <testcase classname="mvn.pck.practice5.tests.LoginTest" name="@AfterTest closeWebDriver" time="-1.632171686643E9">
    <skipped/>
  </testcase> <!-- @AfterTest closeWebDriver -->
  <testcase classname="mvn.pck.practice5.tests.RegisterTest" name="@BeforeTest initializeWebDriver" time="0.787">
    <failure type="java.lang.IllegalStateException" message="The driver executable does not exist: B:\geckodriver-v0.29.1-win64\geckodriver.exe -DhomePageURL=https:\www.qaclickacademy.com">
      <![CDATA[java.lang.IllegalStateException: The driver executable does not exist: B:\geckodriver-v0.29.1-win64\geckodriver.exe -DhomePageURL=https:\www.qaclickacademy.com
at com.google.common.base.Preconditions.checkState(Preconditions.java:585)
at org.openqa.selenium.remote.service.DriverService.checkExecutable(DriverService.java:146)
at org.openqa.selenium.remote.service.DriverService.findExecutable(DriverService.java:141)
at org.openqa.selenium.firefox.GeckoDriverService.access$100(GeckoDriverService.java:44)
at org.openqa.selenium.firefox.GeckoDriverService$Builder.findDefaultExecutable(GeckoDriverService.java:167)
at org.openqa.selenium.remote.service.DriverService$Builder.build(DriverService.java:355)
at org.openqa.selenium.firefox.FirefoxDriver.toExecutor(FirefoxDriver.java:190)
at org.openqa.selenium.firefox.FirefoxDriver.<init>(FirefoxDriver.java:147)
at org.openqa.selenium.firefox.FirefoxDriver.<init>(FirefoxDriver.java:125)
at mvn.pck.practice5.resources.BaseRepoClass.initializeDriver(BaseRepoClass.java:37)
at mvn.pck.practice5.tests.RegisterTest.initializeWebDriver(RegisterTest.java:30)
at java.base/java.util.concurrent.FutureTask.run(FutureTask.java:264)
at java.base/java.util.concurrent.ThreadPoolExecutor.runWorker(ThreadPoolExecutor.java:1128)
at java.base/java.util.concurrent.ThreadPoolExecutor$Worker.run(ThreadPoolExecutor.java:628)
at java.base/java.lang.Thread.run(Thread.java:834)
... Removed 15 stack frames]]>
    </failure>
  </testcase> <!-- @BeforeTest initializeWebDriver -->
  <testcase classname="mvn.pck.practice5.tests.RegisterTest" name="@AfterTest closeWebDriver" time="-1.632171686675E9">
    <skipped/>
  </testcase> <!-- @AfterTest closeWebDriver -->
  <testcase classname="mvn.pck.practice5.tests.RegisterTest" name="launchHomePage" time="0.0">
    <skipped/>
  </testcase> <!-- launchHomePage -->
  <testcase classname="mvn.pck.practice5.tests.RegisterTest" name="launchRegisterPage" time="0.0">
    <skipped/>
  </testcase> <!-- launchRegisterPage -->
  <testcase classname="mvn.pck.practice5.tests.RegisterTest" name="register" time="0.0">
    <skipped/>
  </testcase> <!-- register -->
</testsuite> <!-- RegisterTest -->
